2025-03-04 13:10:46,747 [INFO] 
Limited Total Variation Regularization Support Detected! 
---> CVXPY is not installed. 
---> Many Total Variation Methods require CVXPY including: 
---> velocity, acceleration, jerk, jerk_sliding, smooth_acceleration
---> Please install CVXPY to use these methods.
---> Recommended to also install MOSEK and obtain a MOSEK license.
You can still use: total_variation_regularization.iterative_velocity

2025-03-04 13:10:46,747 [INFO] 
Limited Linear Model Support Detected! 
---> PYCHEBFUN is not installed. 
---> Install pychebfun to use chebfun derivatives (https://github.com/pychebfun/pychebfun/) 
You can still use other methods 

2025-03-04 13:10:46,747 [INFO] 
Limited Linear Model Support Detected! 
---> CVXPY is not installed. 
---> Install CVXPY to use lineardiff derivatives 
You can still use other methods 

2025-03-04 13:13:07,130 [INFO] 
Limited Total Variation Regularization Support Detected! 
---> CVXPY is not installed. 
---> Many Total Variation Methods require CVXPY including: 
---> velocity, acceleration, jerk, jerk_sliding, smooth_acceleration
---> Please install CVXPY to use these methods.
---> Recommended to also install MOSEK and obtain a MOSEK license.
You can still use: total_variation_regularization.iterative_velocity

2025-03-04 13:13:07,131 [INFO] 
Limited Linear Model Support Detected! 
---> PYCHEBFUN is not installed. 
---> Install pychebfun to use chebfun derivatives (https://github.com/pychebfun/pychebfun/) 
You can still use other methods 

2025-03-04 13:13:07,131 [INFO] 
Limited Linear Model Support Detected! 
---> CVXPY is not installed. 
---> Install CVXPY to use lineardiff derivatives 
You can still use other methods 

2025-03-04 13:14:07,900 [INFO] 
Limited Total Variation Regularization Support Detected! 
---> CVXPY is not installed. 
---> Many Total Variation Methods require CVXPY including: 
---> velocity, acceleration, jerk, jerk_sliding, smooth_acceleration
---> Please install CVXPY to use these methods.
---> Recommended to also install MOSEK and obtain a MOSEK license.
You can still use: total_variation_regularization.iterative_velocity

2025-03-04 13:14:07,901 [INFO] 
Limited Linear Model Support Detected! 
---> PYCHEBFUN is not installed. 
---> Install pychebfun to use chebfun derivatives (https://github.com/pychebfun/pychebfun/) 
You can still use other methods 

2025-03-04 13:14:07,901 [INFO] 
Limited Linear Model Support Detected! 
---> CVXPY is not installed. 
---> Install CVXPY to use lineardiff derivatives 
You can still use other methods 

2025-03-04 13:14:26,926 [INFO] 
Limited Total Variation Regularization Support Detected! 
---> CVXPY is not installed. 
---> Many Total Variation Methods require CVXPY including: 
---> velocity, acceleration, jerk, jerk_sliding, smooth_acceleration
---> Please install CVXPY to use these methods.
---> Recommended to also install MOSEK and obtain a MOSEK license.
You can still use: total_variation_regularization.iterative_velocity

2025-03-04 13:14:26,927 [INFO] 
Limited Linear Model Support Detected! 
---> PYCHEBFUN is not installed. 
---> Install pychebfun to use chebfun derivatives (https://github.com/pychebfun/pychebfun/) 
You can still use other methods 

2025-03-04 13:14:26,927 [INFO] 
Limited Linear Model Support Detected! 
---> CVXPY is not installed. 
---> Install CVXPY to use lineardiff derivatives 
You can still use other methods 

2025-03-04 13:14:43,297 [INFO] 
Limited Total Variation Regularization Support Detected! 
---> CVXPY is not installed. 
---> Many Total Variation Methods require CVXPY including: 
---> velocity, acceleration, jerk, jerk_sliding, smooth_acceleration
---> Please install CVXPY to use these methods.
---> Recommended to also install MOSEK and obtain a MOSEK license.
You can still use: total_variation_regularization.iterative_velocity

2025-03-04 13:14:43,298 [INFO] 
Limited Linear Model Support Detected! 
---> PYCHEBFUN is not installed. 
---> Install pychebfun to use chebfun derivatives (https://github.com/pychebfun/pychebfun/) 
You can still use other methods 

2025-03-04 13:14:43,298 [INFO] 
Limited Linear Model Support Detected! 
---> CVXPY is not installed. 
---> Install CVXPY to use lineardiff derivatives 
You can still use other methods 

2025-03-04 13:33:10,834 [INFO] 
Limited Total Variation Regularization Support Detected! 
---> CVXPY is not installed. 
---> Many Total Variation Methods require CVXPY including: 
---> velocity, acceleration, jerk, jerk_sliding, smooth_acceleration
---> Please install CVXPY to use these methods.
---> Recommended to also install MOSEK and obtain a MOSEK license.
You can still use: total_variation_regularization.iterative_velocity

2025-03-04 13:33:10,835 [INFO] 
Limited Linear Model Support Detected! 
---> PYCHEBFUN is not installed. 
---> Install pychebfun to use chebfun derivatives (https://github.com/pychebfun/pychebfun/) 
You can still use other methods 

2025-03-04 13:33:10,835 [INFO] 
Limited Linear Model Support Detected! 
---> CVXPY is not installed. 
---> Install CVXPY to use lineardiff derivatives 
You can still use other methods 

2025-03-04 13:43:28,253 [INFO] 
Limited Total Variation Regularization Support Detected! 
---> CVXPY is not installed. 
---> Many Total Variation Methods require CVXPY including: 
---> velocity, acceleration, jerk, jerk_sliding, smooth_acceleration
---> Please install CVXPY to use these methods.
---> Recommended to also install MOSEK and obtain a MOSEK license.
You can still use: total_variation_regularization.iterative_velocity

2025-03-04 13:43:28,254 [INFO] 
Limited Linear Model Support Detected! 
---> PYCHEBFUN is not installed. 
---> Install pychebfun to use chebfun derivatives (https://github.com/pychebfun/pychebfun/) 
You can still use other methods 

2025-03-04 13:43:28,255 [INFO] 
Limited Linear Model Support Detected! 
---> CVXPY is not installed. 
---> Install CVXPY to use lineardiff derivatives 
You can still use other methods 

2025-03-04 13:48:39,412 [INFO] 
Limited Total Variation Regularization Support Detected! 
---> CVXPY is not installed. 
---> Many Total Variation Methods require CVXPY including: 
---> velocity, acceleration, jerk, jerk_sliding, smooth_acceleration
---> Please install CVXPY to use these methods.
---> Recommended to also install MOSEK and obtain a MOSEK license.
You can still use: total_variation_regularization.iterative_velocity

2025-03-04 13:48:39,413 [INFO] 
Limited Linear Model Support Detected! 
---> PYCHEBFUN is not installed. 
---> Install pychebfun to use chebfun derivatives (https://github.com/pychebfun/pychebfun/) 
You can still use other methods 

2025-03-04 13:48:39,414 [INFO] 
Limited Linear Model Support Detected! 
---> CVXPY is not installed. 
---> Install CVXPY to use lineardiff derivatives 
You can still use other methods 

2025-03-04 13:49:36,121 [INFO] 
Limited Total Variation Regularization Support Detected! 
---> CVXPY is not installed. 
---> Many Total Variation Methods require CVXPY including: 
---> velocity, acceleration, jerk, jerk_sliding, smooth_acceleration
---> Please install CVXPY to use these methods.
---> Recommended to also install MOSEK and obtain a MOSEK license.
You can still use: total_variation_regularization.iterative_velocity

2025-03-04 13:49:36,122 [INFO] 
Limited Linear Model Support Detected! 
---> PYCHEBFUN is not installed. 
---> Install pychebfun to use chebfun derivatives (https://github.com/pychebfun/pychebfun/) 
You can still use other methods 

2025-03-04 13:49:36,123 [INFO] 
Limited Linear Model Support Detected! 
---> CVXPY is not installed. 
---> Install CVXPY to use lineardiff derivatives 
You can still use other methods 

2025-03-04 13:50:41,731 [INFO] 
Limited Total Variation Regularization Support Detected! 
---> CVXPY is not installed. 
---> Many Total Variation Methods require CVXPY including: 
---> velocity, acceleration, jerk, jerk_sliding, smooth_acceleration
---> Please install CVXPY to use these methods.
---> Recommended to also install MOSEK and obtain a MOSEK license.
You can still use: total_variation_regularization.iterative_velocity

2025-03-04 13:50:41,732 [INFO] 
Limited Linear Model Support Detected! 
---> PYCHEBFUN is not installed. 
---> Install pychebfun to use chebfun derivatives (https://github.com/pychebfun/pychebfun/) 
You can still use other methods 

2025-03-04 13:50:41,732 [INFO] 
Limited Linear Model Support Detected! 
---> CVXPY is not installed. 
---> Install CVXPY to use lineardiff derivatives 
You can still use other methods 

